<?xml version="1.0" encoding="UTF-8"?>
<!-- Generated by org.testng.reporters.JUnitXMLReporter -->
<testsuite ignored="0" hostname="naveen" failures="1" tests="4" name="Test1" time="14.3" errors="0" timestamp="2023-08-05T09:38:19 IST">
  <testcase classname="com.practice.pages.TempPracticeTest" name="googleSearch" time="2.475"/>
  <testcase classname="com.practice.pages.SampleClassTest" name="failureTest" time="0.001">
    <failure type="java.lang.Exception" message="kuch bhi">
      <![CDATA[java.lang.Exception: kuch bhi
at com.practice.pages.SampleClassTest.failureTest(SampleClassTest.java:32)
at java.base/java.util.ArrayList.forEach(ArrayList.java:1511)
... Removed 27 stack frames]]>
    </failure>
  </testcase> <!-- failureTest -->
  <testcase classname="com.practice.pages.SampleClassTest" name="searchTest" time="4.747"/>
  <testcase classname="com.practice.pages.SampleClassTest" name="sampleTest" time="1.298"/>
</testsuite> <!-- Test1 -->
