<?xml version="1.0" encoding="UTF-8"?>
<!-- Generated by org.testng.reporters.JUnitXMLReporter -->
<testsuite ignored="0" hostname="naveen" failures="0" tests="5" name="Test" time="10.292" errors="0" timestamp="2023-08-10T02:19:39 IST">
  <testcase classname="com.jqueryui.test.InteractionsTest" name="draggableTest" time="1.69"/>
  <testcase classname="com.jqueryui.test.InteractionsTest" name="droppableTest" time="1.131"/>
  <testcase classname="com.jqueryui.test.InteractionsTest" name="resizableTest" time="1.212"/>
  <testcase classname="com.jqueryui.test.InteractionsTest" name="selectableTest" time="1.218"/>
  <testcase classname="com.jqueryui.test.InteractionsTest" name="sortableTest" time="1.079"/>
</testsuite> <!-- Test -->
